<?xml version="1.0" encoding="UTF-8"?>
<!-- Generated by org.testng.reporters.JUnitReportReporter -->
<testsuite hostname="DESKTOP-48BRRC2" failures="0" tests="1" name="haire_testclass.TC01_VerifyLoginFunctionality" time="19.219" errors="0" timestamp="2024-09-03T15:24:53 IST" skipped="0">
  <testcase classname="haire_testclass.TC01_VerifyLoginFunctionality" name="verifyloginfunctinality" time="19.219"/>
  <system-out/>
</testsuite> <!-- haire_testclass.TC01_VerifyLoginFunctionality -->
