<?xml version="1.0" encoding="UTF-8"?>
<!-- Generated by org.testng.reporters.JUnitReportReporter -->
<testsuite hostname="DESKTOP-48BRRC2" failures="0" tests="1" name="haire_testclass.TCP_05verifyjobseekerfunctionality" time="26.400" errors="0" timestamp="2024-09-20T15:54:46 IST" skipped="0">
  <testcase classname="haire_testclass.TCP_05verifyjobseekerfunctionality" name="verifypostjobfunctionality" time="26.400"/>
  <system-out/>
</testsuite> <!-- haire_testclass.TCP_05verifyjobseekerfunctionality -->
