<?xml version="1.0" encoding="UTF-8"?>
<!-- Generated by org.testng.reporters.JUnitReportReporter -->
<testsuite hostname="DESKTOP-48BRRC2" failures="0" tests="1" name="haire_testclass.TC07_VerifyUploadResume" time="108.228" errors="0" timestamp="2024-09-25T14:48:35 IST" skipped="0">
  <testcase classname="haire_testclass.TC07_VerifyUploadResume" name="verifyuploadfresume" time="108.228"/>
  <system-out/>
</testsuite> <!-- haire_testclass.TC07_VerifyUploadResume -->
