<?xml version="1.0" encoding="UTF-8"?>
<!-- Generated by org.testng.reporters.JUnitReportReporter -->
<testsuite hostname="DESKTOP-48BRRC2" failures="0" tests="1" name="haire_testclass.TC03_Verifyaddcompanyprofile" time="94.964" errors="0" timestamp="2024-09-12T12:59:25 IST" skipped="0">
  <testcase classname="haire_testclass.TC03_Verifyaddcompanyprofile" name="Verifyaddcompanyprofile" time="94.964"/>
  <system-out/>
</testsuite> <!-- haire_testclass.TC03_Verifyaddcompanyprofile -->
