<?xml version="1.0" encoding="UTF-8"?>
<!-- Generated by org.testng.reporters.JUnitReportReporter -->
<testsuite hostname="DESKTOP-48BRRC2" failures="0" tests="1" name="haire_testclass.TC02_VerifySingupPageFunctionality" time="53.040" errors="0" timestamp="2024-09-11T10:54:46 IST" skipped="0">
  <testcase classname="haire_testclass.TC02_VerifySingupPageFunctionality" name="VerifySingupPageFunctionality" time="53.040"/>
  <system-out/>
</testsuite> <!-- haire_testclass.TC02_VerifySingupPageFunctionality -->
