<?xml version="1.0" encoding="UTF-8"?>
<!-- Generated by org.testng.reporters.JUnitReportReporter -->
<testsuite hostname="DESKTOP-48BRRC2" failures="0" tests="1" name="haire_testclass.TC05_verifyjobseekerSignuupfunctionality" time="86.243" errors="0" timestamp="2024-09-24T14:43:29 IST" skipped="0">
  <testcase classname="haire_testclass.TC05_verifyjobseekerSignuupfunctionality" name="verifypostjobfunctionality" time="86.243"/>
  <system-out/>
</testsuite> <!-- haire_testclass.TC05_verifyjobseekerSignuupfunctionality -->
