<?xml version="1.0" encoding="UTF-8"?>
<!-- Generated by org.testng.reporters.JUnitReportReporter -->
<testsuite hostname="DESKTOP-48BRRC2" failures="0" tests="1" name="haire_testclass.TC08_VerifyReuploadingResume" time="17.996" errors="0" timestamp="2024-09-25T18:19:44 IST" skipped="0">
  <testcase classname="haire_testclass.TC08_VerifyReuploadingResume" name="Verifyreuploadingresume" time="17.996"/>
  <system-out/>
</testsuite> <!-- haire_testclass.TC08_VerifyReuploadingResume -->
